client-expo/android/app/build/intermediates/manifest_merge_blame_file/debug/manifest-merger-blame-debug-report.txt
1<?xml version="1.0" encoding="utf-8"?>
2<manifest xmlns:android="http://schemas.android.com/apk/res/android"
3    package="com.clientexpo"
4    android:versionCode="1"
5    android:versionName="1.0" >
6
7    <uses-sdk
8        android:minSdkVersion="21"
9        android:targetSdkVersion="30" />
10
11    <uses-permission android:name="android.permission.SYSTEM_ALERT_WINDOW" />
11-->src/main/AndroidManifest.xml:3:3-75
11-->src/main/AndroidManifest.xml:3:20-73
12    <uses-permission android:name="android.permission.INTERNET" />
12-->src/main/AndroidManifest.xml:2:3-64
12-->src/main/AndroidManifest.xml:2:20-62
13    <uses-permission android:name="android.permission.VIBRATE" />
13-->src/main/AndroidManifest.xml:4:3-63
13-->src/main/AndroidManifest.xml:4:20-61
14    <uses-permission android:name="android.permission.READ_EXTERNAL_STORAGE" />
14-->src/main/AndroidManifest.xml:5:3-77
14-->src/main/AndroidManifest.xml:5:20-75
15    <uses-permission android:name="android.permission.WRITE_EXTERNAL_STORAGE" />
15-->src/main/AndroidManifest.xml:6:3-78
15-->src/main/AndroidManifest.xml:6:20-76
16    <uses-permission android:name="android.permission.ACCESS_WIFI_STATE" />
16-->[com.facebook.flipper:flipper:0.54.0] AndroidManifest.xml:16:5-76
16-->[com.facebook.flipper:flipper:0.54.0] AndroidManifest.xml:16:22-73
17    <uses-permission android:name="android.permission.ACCESS_NETWORK_STATE" />
17-->[:expo-updates] AndroidManifest.xml:11:5-79
17-->[:expo-updates] AndroidManifest.xml:11:22-76
18
19    <queries>
19-->[:expo-file-system] AndroidManifest.xml:16:5-22:15
20
21        <!-- Query open documents -->
22        <intent>
22-->[:expo-file-system] AndroidManifest.xml:19:9-21:18
23            <action android:name="android.intent.action.OPEN_DOCUMENT_TREE" />
23-->[:expo-file-system] AndroidManifest.xml:20:13-79
23-->[:expo-file-system] AndroidManifest.xml:20:21-76
24        </intent>
25    </queries>
26
27    <uses-permission android:name="com.google.android.finsky.permission.BIND_GET_INSTALL_REFERRER_SERVICE" />
27-->[com.android.installreferrer:installreferrer:1.0] AndroidManifest.xml:9:5-110
27-->[com.android.installreferrer:installreferrer:1.0] AndroidManifest.xml:9:22-107
28
29    <application
29-->src/main/AndroidManifest.xml:7:3-23:17
30        android:name="com.clientexpo.MainApplication"
30-->src/main/AndroidManifest.xml:7:16-47
31        android:allowBackup="false"
31-->src/main/AndroidManifest.xml:7:162-189
32        android:appComponentFactory="androidx.core.app.CoreComponentFactory"
32-->[androidx.core:core:1.3.0] AndroidManifest.xml:24:18-86
33        android:debuggable="true"
34        android:icon="@mipmap/ic_launcher"
34-->src/main/AndroidManifest.xml:7:81-115
35        android:label="@string/app_name"
35-->src/main/AndroidManifest.xml:7:48-80
36        android:roundIcon="@mipmap/ic_launcher_round"
36-->src/main/AndroidManifest.xml:7:116-161
37        android:theme="@style/AppTheme"
37-->src/main/AndroidManifest.xml:7:190-221
38        android:usesCleartextTraffic="true" >
38-->src/main/AndroidManifest.xml:7:222-257
39        <meta-data
39-->src/main/AndroidManifest.xml:8:5-103
40            android:name="expo.modules.updates.EXPO_UPDATE_URL"
40-->src/main/AndroidManifest.xml:8:16-67
41            android:value="YOUR-APP-URL-HERE" />
41-->src/main/AndroidManifest.xml:8:68-101
42        <meta-data
42-->src/main/AndroidManifest.xml:9:5-112
43            android:name="expo.modules.updates.EXPO_SDK_VERSION"
43-->src/main/AndroidManifest.xml:9:16-68
44            android:value="YOUR-APP-SDK-VERSION-HERE" />
44-->src/main/AndroidManifest.xml:9:69-110
45
46        <activity
46-->src/main/AndroidManifest.xml:10:5-21:16
47            android:name="com.clientexpo.MainActivity"
47-->src/main/AndroidManifest.xml:10:15-43
48            android:configChanges="keyboard|keyboardHidden|orientation|screenSize|uiMode"
48-->src/main/AndroidManifest.xml:10:77-154
49            android:label="@string/app_name"
49-->src/main/AndroidManifest.xml:10:44-76
50            android:launchMode="singleTask"
50-->src/main/AndroidManifest.xml:10:155-186
51            android:theme="@style/Theme.App.SplashScreen"
51-->src/main/AndroidManifest.xml:10:230-275
52            android:windowSoftInputMode="adjustResize" >
52-->src/main/AndroidManifest.xml:10:187-229
53            <intent-filter>
53-->src/main/AndroidManifest.xml:11:7-14:23
54                <action android:name="android.intent.action.MAIN" />
54-->src/main/AndroidManifest.xml:12:9-60
54-->src/main/AndroidManifest.xml:12:17-58
55
56                <category android:name="android.intent.category.LAUNCHER" />
56-->src/main/AndroidManifest.xml:13:9-68
56-->src/main/AndroidManifest.xml:13:19-66
57            </intent-filter>
58            <intent-filter>
58-->src/main/AndroidManifest.xml:15:7-20:23
59                <action android:name="android.intent.action.VIEW" />
59-->src/main/AndroidManifest.xml:16:9-60
59-->src/main/AndroidManifest.xml:16:17-58
60
61                <category android:name="android.intent.category.DEFAULT" />
61-->src/main/AndroidManifest.xml:17:9-67
61-->src/main/AndroidManifest.xml:17:19-65
62                <category android:name="android.intent.category.BROWSABLE" />
62-->src/main/AndroidManifest.xml:18:9-69
62-->src/main/AndroidManifest.xml:18:19-67
63
64                <data android:scheme="my-scheme" />
64-->src/main/AndroidManifest.xml:19:9-43
64-->src/main/AndroidManifest.xml:19:15-41
65            </intent-filter>
66        </activity>
67        <activity android:name="com.facebook.react.devsupport.DevSettingsActivity" />
67-->src/main/AndroidManifest.xml:22:5-81
67-->src/main/AndroidManifest.xml:22:15-79
68
69        <meta-data
69-->[:unimodules-react-native-adapter] AndroidManifest.xml:12:9-14:91
70            android:name="org.unimodules.core.AppLoader#react-native-headless"
70-->[:unimodules-react-native-adapter] AndroidManifest.xml:13:13-79
71            android:value="org.unimodules.adapters.react.apploader.RNHeadlessAppLoader" />
71-->[:unimodules-react-native-adapter] AndroidManifest.xml:14:13-88
72
73        <provider
73-->[:react-native-webview] AndroidManifest.xml:12:9-20:20
74            android:name="com.reactnativecommunity.webview.RNCWebViewFileProvider"
74-->[:react-native-webview] AndroidManifest.xml:13:13-83
75            android:authorities="com.clientexpo.fileprovider"
75-->[:react-native-webview] AndroidManifest.xml:14:13-64
76            android:exported="false"
76-->[:react-native-webview] AndroidManifest.xml:15:13-37
77            android:grantUriPermissions="true" >
77-->[:react-native-webview] AndroidManifest.xml:16:13-47
78            <meta-data
78-->[:react-native-webview] AndroidManifest.xml:17:13-19:63
79                android:name="android.support.FILE_PROVIDER_PATHS"
79-->[:react-native-webview] AndroidManifest.xml:18:17-67
80                android:resource="@xml/file_provider_paths" />
80-->[:react-native-webview] AndroidManifest.xml:19:17-60
81        </provider>
82        <provider
82-->[:expo-file-system] AndroidManifest.xml:25:9-34:20
83            android:name="expo.modules.filesystem.FileSystemFileProvider"
83-->[:expo-file-system] AndroidManifest.xml:26:13-74
84            android:authorities="com.clientexpo.FileSystemFileProvider"
84-->[:expo-file-system] AndroidManifest.xml:27:13-74
85            android:exported="false"
85-->[:expo-file-system] AndroidManifest.xml:28:13-37
86            android:grantUriPermissions="true" >
86-->[:expo-file-system] AndroidManifest.xml:29:13-47
87            <meta-data
87-->[:react-native-webview] AndroidManifest.xml:17:13-19:63
88                android:name="android.support.FILE_PROVIDER_PATHS"
88-->[:react-native-webview] AndroidManifest.xml:18:17-67
89                android:resource="@xml/file_system_provider_paths" />
89-->[:react-native-webview] AndroidManifest.xml:19:17-60
90        </provider>
91
92        <service
92-->[androidx.room:room-runtime:2.1.0] AndroidManifest.xml:25:9-27:40
93            android:name="androidx.room.MultiInstanceInvalidationService"
93-->[androidx.room:room-runtime:2.1.0] AndroidManifest.xml:26:13-74
94            android:exported="false" />
94-->[androidx.room:room-runtime:2.1.0] AndroidManifest.xml:27:13-37
95    </application>
96
97</manifest>